[0.715s] Invoking command in '/home/user/sweepbot_ws/src/sweepbot': PYTHONPATH=/home/user/sweepbot_ws/build/sweepbot/prefix_override:/usr/lib/python3/dist-packages/colcon_core/task/python/colcon_distutils_commands:/home/user/sweepbot_ws/install/sweepbot/lib/python3.10/site-packages:${PYTHONPATH} /usr/bin/python3 -W ignore:setup.py install is deprecated -W ignore:easy_install command is deprecated setup.py egg_info --egg-base ../../build/sweepbot build --build-base /home/user/sweepbot_ws/build/sweepbot/build install --record /home/user/sweepbot_ws/build/sweepbot/install.log --single-version-externally-managed install_data
[0.877s] /home/user/.local/lib/python3.10/site-packages/setuptools/_distutils/dist.py:289: UserWarning: Unknown distribution option: 'tests_require'
[0.877s]   warnings.warn(msg)
[0.966s] running egg_info
[0.980s] writing ../../build/sweepbot/sweepbot.egg-info/PKG-INFO
[0.981s] writing dependency_links to ../../build/sweepbot/sweepbot.egg-info/dependency_links.txt
[0.981s] writing entry points to ../../build/sweepbot/sweepbot.egg-info/entry_points.txt
[0.981s] writing requirements to ../../build/sweepbot/sweepbot.egg-info/requires.txt
[0.982s] writing top-level names to ../../build/sweepbot/sweepbot.egg-info/top_level.txt
[1.012s] reading manifest file '../../build/sweepbot/sweepbot.egg-info/SOURCES.txt'
[1.013s] adding license file 'LICENSE'
[1.013s] Traceback (most recent call last):
[1.013s]   File "/home/user/sweepbot_ws/src/sweepbot/setup.py", line 7, in <module>
[1.013s]     setup(
[1.013s]   File "/home/user/.local/lib/python3.10/site-packages/setuptools/__init__.py", line 117, in setup
[1.013s]     return distutils.core.setup(**attrs)
[1.013s]   File "/home/user/.local/lib/python3.10/site-packages/setuptools/_distutils/core.py", line 186, in setup
[1.014s]     return run_commands(dist)
[1.014s]   File "/home/user/.local/lib/python3.10/site-packages/setuptools/_distutils/core.py", line 202, in run_commands
[1.014s]     dist.run_commands()
[1.014s]   File "/home/user/.local/lib/python3.10/site-packages/setuptools/_distutils/dist.py", line 1002, in run_commands
[1.014s]     self.run_command(cmd)
[1.014s]   File "/home/user/.local/lib/python3.10/site-packages/setuptools/dist.py", line 1104, in run_command
[1.014s]     super().run_command(command)
[1.014s]   File "/home/user/.local/lib/python3.10/site-packages/setuptools/_distutils/dist.py", line 1021, in run_command
[1.014s]     cmd_obj.run()
[1.014s]   File "/home/user/.local/lib/python3.10/site-packages/setuptools/command/egg_info.py", line 312, in run
[1.014s]     self.find_sources()
[1.015s]   File "/home/user/.local/lib/python3.10/site-packages/setuptools/command/egg_info.py", line 320, in find_sources
[1.015s]     mm.run()
[1.015s]   File "/home/user/.local/lib/python3.10/site-packages/setuptools/command/egg_info.py", line 548, in run
[1.015s]     self.prune_file_list()
[1.015s]   File "/home/user/.local/lib/python3.10/site-packages/setuptools/command/sdist.py", line 162, in prune_file_list
[1.015s]     super().prune_file_list()
[1.015s]   File "/home/user/.local/lib/python3.10/site-packages/setuptools/_distutils/command/sdist.py", line 386, in prune_file_list
[1.015s]     base_dir = self.distribution.get_fullname()
[1.015s]   File "/home/user/.local/lib/python3.10/site-packages/setuptools/_core_metadata.py", line 275, in get_fullname
[1.015s]     return _distribution_fullname(self.get_name(), self.get_version())
[1.015s]   File "/home/user/.local/lib/python3.10/site-packages/setuptools/_core_metadata.py", line 293, in _distribution_fullname
[1.015s]     canonicalize_version(version, strip_trailing_zero=False),
[1.015s] TypeError: canonicalize_version() got an unexpected keyword argument 'strip_trailing_zero'
[1.037s] Invoked command in '/home/user/sweepbot_ws/src/sweepbot' returned '1': PYTHONPATH=/home/user/sweepbot_ws/build/sweepbot/prefix_override:/usr/lib/python3/dist-packages/colcon_core/task/python/colcon_distutils_commands:/home/user/sweepbot_ws/install/sweepbot/lib/python3.10/site-packages:${PYTHONPATH} /usr/bin/python3 -W ignore:setup.py install is deprecated -W ignore:easy_install command is deprecated setup.py egg_info --egg-base ../../build/sweepbot build --build-base /home/user/sweepbot_ws/build/sweepbot/build install --record /home/user/sweepbot_ws/build/sweepbot/install.log --single-version-externally-managed install_data
