running egg_info
creating build/sweepbot/sweepbot.egg-info
writing build/sweepbot/sweepbot.egg-info/PKG-INFO
writing dependency_links to build/sweepbot/sweepbot.egg-info/dependency_links.txt
writing entry points to build/sweepbot/sweepbot.egg-info/entry_points.txt
writing requirements to build/sweepbot/sweepbot.egg-info/requires.txt
writing top-level names to build/sweepbot/sweepbot.egg-info/top_level.txt
writing manifest file 'build/sweepbot/sweepbot.egg-info/SOURCES.txt'
reading manifest file 'build/sweepbot/sweepbot.egg-info/SOURCES.txt'
adding license file 'LICENSE'
writing manifest file 'build/sweepbot/sweepbot.egg-info/SOURCES.txt'
running build
running build_py
creating /home/user/sweepbot_ws/src/sweepbot/build/sweepbot/build
creating /home/user/sweepbot_ws/src/sweepbot/build/sweepbot/build/lib
creating /home/user/sweepbot_ws/src/sweepbot/build/sweepbot/build/lib/sweepbot
copying sweepbot/base.py -> /home/user/sweepbot_ws/src/sweepbot/build/sweepbot/build/lib/sweepbot
copying sweepbot/__init__.py -> /home/user/sweepbot_ws/src/sweepbot/build/sweepbot/build/lib/sweepbot
copying sweepbot/demo_sweep.py -> /home/user/sweepbot_ws/src/sweepbot/build/sweepbot/build/lib/sweepbot
running install
running install_lib
creating /home/user/sweepbot_ws/src/sweepbot/install/sweepbot/lib/python3.10/site-packages/sweepbot
copying /home/user/sweepbot_ws/src/sweepbot/build/sweepbot/build/lib/sweepbot/base.py -> /home/user/sweepbot_ws/src/sweepbot/install/sweepbot/lib/python3.10/site-packages/sweepbot
copying /home/user/sweepbot_ws/src/sweepbot/build/sweepbot/build/lib/sweepbot/__init__.py -> /home/user/sweepbot_ws/src/sweepbot/install/sweepbot/lib/python3.10/site-packages/sweepbot
copying /home/user/sweepbot_ws/src/sweepbot/build/sweepbot/build/lib/sweepbot/demo_sweep.py -> /home/user/sweepbot_ws/src/sweepbot/install/sweepbot/lib/python3.10/site-packages/sweepbot
byte-compiling /home/user/sweepbot_ws/src/sweepbot/install/sweepbot/lib/python3.10/site-packages/sweepbot/base.py to base.cpython-310.pyc
byte-compiling /home/user/sweepbot_ws/src/sweepbot/install/sweepbot/lib/python3.10/site-packages/sweepbot/__init__.py to __init__.cpython-310.pyc
byte-compiling /home/user/sweepbot_ws/src/sweepbot/install/sweepbot/lib/python3.10/site-packages/sweepbot/demo_sweep.py to demo_sweep.cpython-310.pyc
running install_data
creating /home/user/sweepbot_ws/src/sweepbot/install/sweepbot/share/ament_index
creating /home/user/sweepbot_ws/src/sweepbot/install/sweepbot/share/ament_index/resource_index
creating /home/user/sweepbot_ws/src/sweepbot/install/sweepbot/share/ament_index/resource_index/packages
copying resource/sweepbot -> /home/user/sweepbot_ws/src/sweepbot/install/sweepbot/share/ament_index/resource_index/packages
copying package.xml -> /home/user/sweepbot_ws/src/sweepbot/install/sweepbot/share/sweepbot
running install_egg_info
Copying build/sweepbot/sweepbot.egg-info to /home/user/sweepbot_ws/src/sweepbot/install/sweepbot/lib/python3.10/site-packages/sweepbot-0.0.1-py3.10.egg-info
running install_scripts
Installing base script to /home/user/sweepbot_ws/src/sweepbot/install/sweepbot/lib/sweepbot
Installing demo_sweep script to /home/user/sweepbot_ws/src/sweepbot/install/sweepbot/lib/sweepbot
writing list of installed files to '/home/user/sweepbot_ws/src/sweepbot/build/sweepbot/install.log'
