[0.618s] Invoking command in '/home/user/sweepbot_ws/src/sweepbot': PYTHONPATH=/home/user/sweepbot_ws/build/sweepbot/prefix_override:/usr/lib/python3/dist-packages/colcon_core/task/python/colcon_distutils_commands:/home/user/sweepbot_ws/install/sweepbot/lib/python3.10/site-packages:${PYTHONPATH} /usr/bin/python3 -W ignore:setup.py install is deprecated -W ignore:easy_install command is deprecated setup.py egg_info --egg-base ../../build/sweepbot build --build-base /home/user/sweepbot_ws/build/sweepbot/build install --record /home/user/sweepbot_ws/build/sweepbot/install.log --single-version-externally-managed install_data
[0.849s] running egg_info
[0.850s] writing ../../build/sweepbot/sweepbot.egg-info/PKG-INFO
[0.850s] writing dependency_links to ../../build/sweepbot/sweepbot.egg-info/dependency_links.txt
[0.850s] writing entry points to ../../build/sweepbot/sweepbot.egg-info/entry_points.txt
[0.850s] writing requirements to ../../build/sweepbot/sweepbot.egg-info/requires.txt
[0.851s] writing top-level names to ../../build/sweepbot/sweepbot.egg-info/top_level.txt
[0.852s] reading manifest file '../../build/sweepbot/sweepbot.egg-info/SOURCES.txt'
[0.852s] adding license file 'LICENSE'
[0.853s] writing manifest file '../../build/sweepbot/sweepbot.egg-info/SOURCES.txt'
[0.853s] running build
[0.854s] running build_py
[0.854s] copying sweepbot/demo_sweep.py -> /home/user/sweepbot_ws/build/sweepbot/build/lib/sweepbot
[0.854s] running install
[0.854s] running install_lib
[0.855s] copying /home/user/sweepbot_ws/build/sweepbot/build/lib/sweepbot/demo_sweep.py -> /home/user/sweepbot_ws/install/sweepbot/lib/python3.10/site-packages/sweepbot
[0.856s] byte-compiling /home/user/sweepbot_ws/install/sweepbot/lib/python3.10/site-packages/sweepbot/demo_sweep.py to demo_sweep.cpython-310.pyc
[0.856s] running install_data
[0.856s] copying package.xml -> /home/user/sweepbot_ws/install/sweepbot/share/sweepbot
[0.857s] running install_egg_info
[0.858s] Copying ../../build/sweepbot/sweepbot.egg-info to /home/user/sweepbot_ws/install/sweepbot/lib/python3.10/site-packages/sweepbot-0.0.1-py3.10.egg-info
[0.859s] running install_scripts
[0.880s] Installing base script to /home/user/sweepbot_ws/install/sweepbot/lib/sweepbot
[0.880s] Installing demo_sweep script to /home/user/sweepbot_ws/install/sweepbot/lib/sweepbot
[0.880s] writing list of installed files to '/home/user/sweepbot_ws/build/sweepbot/install.log'
[0.903s] Invoked command in '/home/user/sweepbot_ws/src/sweepbot' returned '0': PYTHONPATH=/home/user/sweepbot_ws/build/sweepbot/prefix_override:/usr/lib/python3/dist-packages/colcon_core/task/python/colcon_distutils_commands:/home/user/sweepbot_ws/install/sweepbot/lib/python3.10/site-packages:${PYTHONPATH} /usr/bin/python3 -W ignore:setup.py install is deprecated -W ignore:easy_install command is deprecated setup.py egg_info --egg-base ../../build/sweepbot build --build-base /home/user/sweepbot_ws/build/sweepbot/build install --record /home/user/sweepbot_ws/build/sweepbot/install.log --single-version-externally-managed install_data
