[0.569s] Invoking command in '/home/user/sweepbot_ws/src/sweepbot': PYTHONPATH=/home/user/sweepbot_ws/build/sweepbot/prefix_override:/usr/lib/python3/dist-packages/colcon_core/task/python/colcon_distutils_commands:/home/user/sweepbot_ws/install/sweepbot/lib/python3.10/site-packages:${PYTHONPATH} /usr/bin/python3 -W ignore:setup.py install is deprecated -W ignore:easy_install command is deprecated setup.py egg_info --egg-base ../../build/sweepbot build --build-base /home/user/sweepbot_ws/build/sweepbot/build install --record /home/user/sweepbot_ws/build/sweepbot/install.log --single-version-externally-managed install_data
[0.781s] running egg_info
[0.781s] creating ../../build/sweepbot/sweepbot.egg-info
[0.781s] writing ../../build/sweepbot/sweepbot.egg-info/PKG-INFO
[0.782s] writing dependency_links to ../../build/sweepbot/sweepbot.egg-info/dependency_links.txt
[0.782s] writing entry points to ../../build/sweepbot/sweepbot.egg-info/entry_points.txt
[0.782s] writing requirements to ../../build/sweepbot/sweepbot.egg-info/requires.txt
[0.782s] writing top-level names to ../../build/sweepbot/sweepbot.egg-info/top_level.txt
[0.782s] writing manifest file '../../build/sweepbot/sweepbot.egg-info/SOURCES.txt'
[0.784s] reading manifest file '../../build/sweepbot/sweepbot.egg-info/SOURCES.txt'
[0.784s] adding license file 'LICENSE'
[0.785s] writing manifest file '../../build/sweepbot/sweepbot.egg-info/SOURCES.txt'
[0.785s] running build
[0.785s] running build_py
[0.785s] creating /home/user/sweepbot_ws/build/sweepbot/build
[0.785s] creating /home/user/sweepbot_ws/build/sweepbot/build/lib
[0.785s] creating /home/user/sweepbot_ws/build/sweepbot/build/lib/sweepbot
[0.785s] copying sweepbot/base.py -> /home/user/sweepbot_ws/build/sweepbot/build/lib/sweepbot
[0.785s] copying sweepbot/__init__.py -> /home/user/sweepbot_ws/build/sweepbot/build/lib/sweepbot
[0.786s] running install
[0.786s] running install_lib
[0.787s] creating /home/user/sweepbot_ws/install/sweepbot/lib/python3.10/site-packages/sweepbot
[0.787s] copying /home/user/sweepbot_ws/build/sweepbot/build/lib/sweepbot/base.py -> /home/user/sweepbot_ws/install/sweepbot/lib/python3.10/site-packages/sweepbot
[0.787s] copying /home/user/sweepbot_ws/build/sweepbot/build/lib/sweepbot/__init__.py -> /home/user/sweepbot_ws/install/sweepbot/lib/python3.10/site-packages/sweepbot
[0.787s] byte-compiling /home/user/sweepbot_ws/install/sweepbot/lib/python3.10/site-packages/sweepbot/base.py to base.cpython-310.pyc
[0.788s] byte-compiling /home/user/sweepbot_ws/install/sweepbot/lib/python3.10/site-packages/sweepbot/__init__.py to __init__.cpython-310.pyc
[0.788s] running install_data
[0.788s] creating /home/user/sweepbot_ws/install/sweepbot/share/ament_index
[0.788s] creating /home/user/sweepbot_ws/install/sweepbot/share/ament_index/resource_index
[0.788s] creating /home/user/sweepbot_ws/install/sweepbot/share/ament_index/resource_index/packages
[0.789s] copying resource/sweepbot -> /home/user/sweepbot_ws/install/sweepbot/share/ament_index/resource_index/packages
[0.789s] copying package.xml -> /home/user/sweepbot_ws/install/sweepbot/share/sweepbot
[0.789s] running install_egg_info
[0.791s] Copying ../../build/sweepbot/sweepbot.egg-info to /home/user/sweepbot_ws/install/sweepbot/lib/python3.10/site-packages/sweepbot-0.0.0-py3.10.egg-info
[0.791s] running install_scripts
[0.812s] Installing base script to /home/user/sweepbot_ws/install/sweepbot/lib/sweepbot
[0.813s] writing list of installed files to '/home/user/sweepbot_ws/build/sweepbot/install.log'
[0.834s] Invoked command in '/home/user/sweepbot_ws/src/sweepbot' returned '0': PYTHONPATH=/home/user/sweepbot_ws/build/sweepbot/prefix_override:/usr/lib/python3/dist-packages/colcon_core/task/python/colcon_distutils_commands:/home/user/sweepbot_ws/install/sweepbot/lib/python3.10/site-packages:${PYTHONPATH} /usr/bin/python3 -W ignore:setup.py install is deprecated -W ignore:easy_install command is deprecated setup.py egg_info --egg-base ../../build/sweepbot build --build-base /home/user/sweepbot_ws/build/sweepbot/build install --record /home/user/sweepbot_ws/build/sweepbot/install.log --single-version-externally-managed install_data
