[0.733s] Invoking command in '/home/user/sweepbot_ws/src/sweepbot': PYTHONPATH=/home/user/sweepbot_ws/build/sweepbot/prefix_override:/usr/lib/python3/dist-packages/colcon_core/task/python/colcon_distutils_commands:/home/user/sweepbot_ws/install/sweepbot/lib/python3.10/site-packages:${PYTHONPATH} /usr/bin/python3 -W ignore:setup.py install is deprecated -W ignore:easy_install command is deprecated setup.py egg_info --egg-base ../../build/sweepbot build --build-base /home/user/sweepbot_ws/build/sweepbot/build install --record /home/user/sweepbot_ws/build/sweepbot/install.log --single-version-externally-managed install_data
[0.985s] running egg_info
[0.986s] writing ../../build/sweepbot/sweepbot.egg-info/PKG-INFO
[0.986s] writing dependency_links to ../../build/sweepbot/sweepbot.egg-info/dependency_links.txt
[0.987s] writing entry points to ../../build/sweepbot/sweepbot.egg-info/entry_points.txt
[0.987s] writing requirements to ../../build/sweepbot/sweepbot.egg-info/requires.txt
[0.987s] writing top-level names to ../../build/sweepbot/sweepbot.egg-info/top_level.txt
[0.989s] reading manifest file '../../build/sweepbot/sweepbot.egg-info/SOURCES.txt'
[0.989s] adding license file 'LICENSE'
[0.990s] writing manifest file '../../build/sweepbot/sweepbot.egg-info/SOURCES.txt'
[0.990s] running build
[0.990s] running build_py
[0.991s] copying sweepbot/demo_sweep.py -> /home/user/sweepbot_ws/build/sweepbot/build/lib/sweepbot
[0.991s] running install
[0.991s] running install_lib
[0.992s] copying /home/user/sweepbot_ws/build/sweepbot/build/lib/sweepbot/demo_sweep.py -> /home/user/sweepbot_ws/install/sweepbot/lib/python3.10/site-packages/sweepbot
[0.993s] byte-compiling /home/user/sweepbot_ws/install/sweepbot/lib/python3.10/site-packages/sweepbot/demo_sweep.py to demo_sweep.cpython-310.pyc
[0.994s] running install_data
[0.994s] running install_egg_info
[0.996s] removing '/home/user/sweepbot_ws/install/sweepbot/lib/python3.10/site-packages/sweepbot-0.0.1-py3.10.egg-info' (and everything under it)
[0.996s] Copying ../../build/sweepbot/sweepbot.egg-info to /home/user/sweepbot_ws/install/sweepbot/lib/python3.10/site-packages/sweepbot-0.0.1-py3.10.egg-info
[0.997s] running install_scripts
[1.016s] Installing base script to /home/user/sweepbot_ws/install/sweepbot/lib/sweepbot
[1.017s] Installing demo_sweep script to /home/user/sweepbot_ws/install/sweepbot/lib/sweepbot
[1.017s] writing list of installed files to '/home/user/sweepbot_ws/build/sweepbot/install.log'
[1.042s] Invoked command in '/home/user/sweepbot_ws/src/sweepbot' returned '0': PYTHONPATH=/home/user/sweepbot_ws/build/sweepbot/prefix_override:/usr/lib/python3/dist-packages/colcon_core/task/python/colcon_distutils_commands:/home/user/sweepbot_ws/install/sweepbot/lib/python3.10/site-packages:${PYTHONPATH} /usr/bin/python3 -W ignore:setup.py install is deprecated -W ignore:easy_install command is deprecated setup.py egg_info --egg-base ../../build/sweepbot build --build-base /home/user/sweepbot_ws/build/sweepbot/build install --record /home/user/sweepbot_ws/build/sweepbot/install.log --single-version-externally-managed install_data
