running egg_info
writing ../../build/sweepbot/sweepbot.egg-info/PKG-INFO
writing dependency_links to ../../build/sweepbot/sweepbot.egg-info/dependency_links.txt
writing entry points to ../../build/sweepbot/sweepbot.egg-info/entry_points.txt
writing requirements to ../../build/sweepbot/sweepbot.egg-info/requires.txt
writing top-level names to ../../build/sweepbot/sweepbot.egg-info/top_level.txt
reading manifest file '../../build/sweepbot/sweepbot.egg-info/SOURCES.txt'
adding license file 'LICENSE'
writing manifest file '../../build/sweepbot/sweepbot.egg-info/SOURCES.txt'
running build
running build_py
running install
running install_lib
running install_data
running install_egg_info
removing '/home/user/sweepbot_ws/install/sweepbot/lib/python3.10/site-packages/sweepbot-0.0.1-py3.10.egg-info' (and everything under it)
Copying ../../build/sweepbot/sweepbot.egg-info to /home/user/sweepbot_ws/install/sweepbot/lib/python3.10/site-packages/sweepbot-0.0.1-py3.10.egg-info
running install_scripts
Installing base script to /home/user/sweepbot_ws/install/sweepbot/lib/sweepbot
Installing demo_sweep script to /home/user/sweepbot_ws/install/sweepbot/lib/sweepbot
writing list of installed files to '/home/user/sweepbot_ws/build/sweepbot/install.log'
